<?xml version="1.0" encoding="UTF-8"?>
<testsuite xmlns:xsi="http://www.w3.org/2001/XMLSchema-instance" xsi:noNamespaceSchemaLocation="https://maven.apache.org/surefire/maven-surefire-plugin/xsd/surefire-test-report-3.0.xsd" version="3.0" name="com.demo.upimesh.IdempotencyConcurrencyTest" time="9.032" tests="3" errors="0" skipped="0" failures="0">
  <properties>
[...]
</properties>
  <testcase name="encryptDecryptRoundTrip" classname="com.demo.upimesh.IdempotencyConcurrencyTest" time="0.706">
    <system-out><![CDATA[13:11:03.047 [main] INFO org.springframework.test.context.support.AnnotationConfigContextLoaderUtils -- Could not detect default configuration classes for test class [com.demo.upimesh.IdempotencyConcurrencyTest]: IdempotencyConcurrencyTest does not declare any static, non-private, non-final, nested classes annotated with @Configuration.
13:11:03.244 [main] INFO org.springframework.boot.test.context.SpringBootTestContextBootstrapper -- Found @SpringBootConfiguration com.demo.upimesh.UpiMeshApplication for test class com.demo.upimesh.IdempotencyConcurrencyTest

  .   ____          _            __ _ _
 /\\ / ___'_ __ _ _(_)_ __  __ _ \ \ \ \
( ( )\___ | '_ | '_| | '_ \/ _` | \ \ \ \
 \\/  ___)| |_)| | | | | || (_| |  ) ) ) )
  '  |____| .__|_| |_|_| |_\__, | / / / /
 =========|_|==============|___/=/_/_/_/

 :: Spring Boot ::                (v3.3.5)

13:11:03.902 [main] INFO  c.d.u.IdempotencyConcurrencyTest - Starting IdempotencyConcurrencyTest using Java 26 with PID 9976 (started by User in C:\Users\User\Downloads\UPI_Without_Internet-main\UPI_Without_Internet-main)
13:11:03.905 [main] INFO  c.d.u.IdempotencyConcurrencyTest - No active profile set, falling back to 1 default profile: "default"
13:11:05.061 [main] INFO  o.s.d.r.c.RepositoryConfigurationDelegate - Bootstrapping Spring Data JPA repositories in DEFAULT mode.
13:11:05.201 [main] INFO  o.s.d.r.c.RepositoryConfigurationDelegate - Finished Spring Data repository scanning in 127 ms. Found 2 JPA repository interfaces.
13:11:05.995 [main] INFO  o.h.jpa.internal.util.LogHelper - HHH000204: Processing PersistenceUnitInfo [name: default]
13:11:06.085 [main] INFO  org.hibernate.Version - HHH000412: Hibernate ORM core version 6.5.3.Final
13:11:06.142 [main] INFO  o.h.c.i.RegionFactoryInitiator - HHH000026: Second-level cache disabled
13:11:06.799 [main] INFO  o.s.o.j.p.SpringPersistenceUnitInfo - No LoadTimeWeaver setup: ignoring JPA class transformer
13:11:06.848 [main] INFO  com.zaxxer.hikari.HikariDataSource - HikariPool-1 - Starting...
13:11:07.136 [main] INFO  com.zaxxer.hikari.pool.HikariPool - HikariPool-1 - Added connection conn0: url=jdbc:h2:mem:upimesh user=SA
13:11:07.139 [main] INFO  com.zaxxer.hikari.HikariDataSource - HikariPool-1 - Start completed.
13:11:07.213 [main] WARN  org.hibernate.orm.deprecation - HHH90000025: H2Dialect does not need to be specified explicitly using 'hibernate.dialect' (remove the property setting and it will be selected by default)
13:11:08.594 [main] INFO  o.h.e.t.j.p.i.JtaPlatformInitiator - HHH000489: No JTA platform available (set 'hibernate.transaction.jta.platform' to enable JTA platform integration)
13:11:08.696 [main] INFO  o.s.o.j.LocalContainerEntityManagerFactoryBean - Initialized JPA EntityManagerFactory for persistence unit 'default'
13:11:09.151 [main] INFO  c.d.upimesh.crypto.ServerKeyHolder - Server RSA keypair generated (2048-bit). Public key fingerprint: MIIBIjANBgkqhkiG9w0BAQEFAAOCAQ8A...
13:11:10.018 [main] INFO  c.demo.upimesh.service.DemoService - Seeded 4 demo accounts
13:11:10.426 [main] WARN  o.s.b.a.o.j.JpaBaseConfiguration$JpaWebConfiguration - spring.jpa.open-in-view is enabled by default. Therefore, database queries may be performed during view rendering. Explicitly configure spring.jpa.open-in-view to disable this warning
13:11:10.880 [main] INFO  o.s.b.a.h.H2ConsoleAutoConfiguration - H2 console available at '/h2-console'. Database available at 'jdbc:h2:mem:upimesh'
13:11:10.959 [main] INFO  c.d.u.IdempotencyConcurrencyTest - Started IdempotencyConcurrencyTest in 7.494 seconds (process running for 9.285)
]]></system-out>
    <system-err><![CDATA[WARNING: A Java agent has been loaded dynamically (C:\Users\User\.m2\repository\net\bytebuddy\byte-buddy-agent\1.14.19\byte-buddy-agent-1.14.19.jar)
WARNING: If a serviceability tool is in use, please run with -XX:+EnableDynamicAgentLoading to hide this warning
WARNING: If a serviceability tool is not in use, please run with -Djdk.instrument.traceUsage for more information
WARNING: Dynamic loading of agents will be disallowed by default in a future release
]]></system-err>
  </testcase>
  <testcase name="tamperedCiphertextIsRejected" classname="com.demo.upimesh.IdempotencyConcurrencyTest" time="0.011">
    <system-out><![CDATA[13:11:11.740 [main] WARN  c.d.u.service.BridgeIngestionService - Decryption failed for packet 13bca6b4c645...: Padding error in decryption
]]></system-out>
  </testcase>
  <testcase name="singlePacketDeliveredByThreeBridgesSettlesExactlyOnce" classname="com.demo.upimesh.IdempotencyConcurrencyTest" time="0.104">
    <system-out><![CDATA[13:11:11.786 [pool-2-thread-1] INFO  c.d.u.service.BridgeIngestionService - DUPLICATE packet 7feca4518566... from bridge bridge-0 — dropped
13:11:11.786 [pool-2-thread-3] INFO  c.d.u.service.BridgeIngestionService - DUPLICATE packet 7feca4518566... from bridge bridge-2 — dropped
13:11:11.826 [pool-2-thread-2] INFO  c.d.u.service.SettlementService - SETTLED ₹100.00 from alice@demo to bob@demo (packetHash=7feca4518566..., bridge=bridge-1, hops=3)
]]></system-out>
  </testcase>
</testsuite>